<?xml version="1.0" encoding="UTF-8"?>
<!-- Generated by org.testng.reporters.JUnitReportReporter -->
<testsuite skipped="0" hostname="DIKU-BLR-01" name="com.mindtree.AppiumInternalAssessment.TestMobileHybridAppTestCases" tests="1" failures="0" timestamp="09 Oct 2020 10:48:00 GMT" time="20.602" errors="0">
  <testcase name="userRegistration" time="20.602" classname="com.mindtree.AppiumInternalAssessment.TestMobileHybridAppTestCases"/>
</testsuite> <!-- com.mindtree.AppiumInternalAssessment.TestMobileHybridAppTestCases -->
