<?xml version="1.0" encoding="UTF-8"?>
<!-- Generated by org.testng.reporters.JUnitReportReporter -->
<testsuite skipped="0" hostname="DIKU-BLR-01" name="com.mindtree.AppiumInternalAssessment.TestMobileAppTestCases" tests="4" failures="0" timestamp="26 Oct 2020 18:02:21 GMT" time="170.011" errors="0">
  <testcase name="testExistMobUserLogin" time="23.139" classname="com.mindtree.AppiumInternalAssessment.TestMobileAppTestCases"/>
  <testcase name="testMobUserRegistration" time="28.054" classname="com.mindtree.AppiumInternalAssessment.TestMobileAppTestCases"/>
  <testcase name="testMobileUpdateProfile" time="47.000" classname="com.mindtree.AppiumInternalAssessment.TestMobileAppTestCases"/>
  <testcase name="testMobileChangePassword" time="71.818" classname="com.mindtree.AppiumInternalAssessment.TestMobileAppTestCases"/>
</testsuite> <!-- com.mindtree.AppiumInternalAssessment.TestMobileAppTestCases -->
