<?xml version="1.0" encoding="UTF-8"?>
<!-- Generated by org.testng.reporters.JUnitReportReporter -->
<testsuite skipped="0" hostname="DIKU-BLR-01" name="com.mindtree.AppiumInternalAssessment.TestMobileWebApTestCases" tests="4" failures="0" timestamp="26 Oct 2020 18:02:21 GMT" time="118.068" errors="0">
  <testcase name="testMobWebExistingUserLogin" time="21.210" classname="com.mindtree.AppiumInternalAssessment.TestMobileWebApTestCases"/>
  <testcase name="testMobWebUserRegistration" time="28.007" classname="com.mindtree.AppiumInternalAssessment.TestMobileWebApTestCases"/>
  <testcase name="testMobWebEditProfile" time="33.967" classname="com.mindtree.AppiumInternalAssessment.TestMobileWebApTestCases"/>
  <testcase name="testMobWebSearchAddWishlist" time="34.884" classname="com.mindtree.AppiumInternalAssessment.TestMobileWebApTestCases"/>
</testsuite> <!-- com.mindtree.AppiumInternalAssessment.TestMobileWebApTestCases -->
