<?xml version="1.0" encoding="UTF-8"?>
<!-- Generated by org.testng.reporters.JUnitReportReporter -->
<testsuite skipped="0" hostname="DIKU-BLR-01" name="com.mindtree.AppiumInternalAssessment.TestApp" tests="1" failures="0" timestamp="27 Sep 2020 17:31:00 GMT" time="0.042" errors="0">
  <testcase name="test" time="0.042" classname="com.mindtree.AppiumInternalAssessment.TestApp"/>
</testsuite> <!-- com.mindtree.AppiumInternalAssessment.TestApp -->
